<?xml version='1.0' encoding='UTF-8'?>
<result plugin="junit@1.11">
  <suites>
    <suite>
      <file>/Users/asaikali/Development/git/jenkins-demo/tomcat/jenkins-home/jobs/demo-time/workspace/demo-time/target/surefire-reports/TEST-com.example.DemoTimeApplicationTests.xml</file>
      <name>com.example.DemoTimeApplicationTests</name>
      <duration>0.002</duration>
      <cases>
        <case>
          <duration>0.002</duration>
          <className>com.example.DemoTimeApplicationTests</className>
          <testName>contextLoads</testName>
          <skipped>false</skipped>
          <failedSince>0</failedSince>
        </case>
      </cases>
    </suite>
  </suites>
  <duration>0.002</duration>
  <keepLongStdio>false</keepLongStdio>
</result>